2019-12-04 09:17:58.905  INFO 15916 --- [restartedMain] com.sdh.my.blog.MyBlogApplication        : Starting MyBlogApplication on DESKTOP-UH2UEET with PID 15916 (F:\bukalaka\PrivateWorkspace\workspace\MyBlog\target\classes started by Sakura in F:\bukalaka\PrivateWorkspace\workspace\MyBlog)
2019-12-04 09:17:58.917 DEBUG 15916 --- [restartedMain] com.sdh.my.blog.MyBlogApplication        : Running with Spring Boot v2.2.1.RELEASE, Spring v5.2.1.RELEASE
2019-12-04 09:17:58.918  INFO 15916 --- [restartedMain] com.sdh.my.blog.MyBlogApplication        : The following profiles are active: dev
2019-12-04 09:17:59.066  INFO 15916 --- [restartedMain] .e.DevToolsPropertyDefaultsPostProcessor : Devtools property defaults active! Set 'spring.devtools.add-properties' to 'false' to disable
2019-12-04 09:17:59.068  INFO 15916 --- [restartedMain] .e.DevToolsPropertyDefaultsPostProcessor : For additional web related logging consider setting the 'logging.level.web' property to 'DEBUG'
2019-12-04 09:18:00.301  WARN 15916 --- [restartedMain] o.m.s.mapper.ClassPathMapperScanner      : No MyBatis mapper was found in '[com.sdh.my.blog]' package. Please check your configuration.
2019-12-04 09:18:01.200  INFO 15916 --- [restartedMain] o.s.b.w.embedded.tomcat.TomcatWebServer  : Tomcat initialized with port(s): 80 (http)
2019-12-04 09:18:01.219  INFO 15916 --- [restartedMain] o.apache.catalina.core.StandardService   : Starting service [Tomcat]
2019-12-04 09:18:01.219  INFO 15916 --- [restartedMain] org.apache.catalina.core.StandardEngine  : Starting Servlet engine: [Apache Tomcat/9.0.27]
2019-12-04 09:18:01.310  INFO 15916 --- [restartedMain] o.a.c.c.C.[Tomcat].[localhost].[/]       : Initializing Spring embedded WebApplicationContext
2019-12-04 09:18:01.310  INFO 15916 --- [restartedMain] o.s.web.context.ContextLoader            : Root WebApplicationContext: initialization completed in 2242 ms
2019-12-04 09:18:01.751  INFO 15916 --- [restartedMain] o.s.s.concurrent.ThreadPoolTaskExecutor  : Initializing ExecutorService 'applicationTaskExecutor'
2019-12-04 09:18:01.888  INFO 15916 --- [restartedMain] o.s.b.a.w.s.WelcomePageHandlerMapping    : Adding welcome page template: index
2019-12-04 09:18:02.636  INFO 15916 --- [restartedMain] o.s.b.d.a.OptionalLiveReloadServer       : LiveReload server is running on port 35729
2019-12-04 09:18:02.851  INFO 15916 --- [restartedMain] o.s.b.w.embedded.tomcat.TomcatWebServer  : Tomcat started on port(s): 80 (http) with context path ''
2019-12-04 09:18:02.854  INFO 15916 --- [restartedMain] com.sdh.my.blog.MyBlogApplication        : Started MyBlogApplication in 4.643 seconds (JVM running for 7.982)
2019-12-04 09:18:22.693  INFO 15916 --- [http-nio-80-exec-1] o.a.c.c.C.[Tomcat].[localhost].[/]       : Initializing Spring DispatcherServlet 'dispatcherServlet'
2019-12-04 09:18:22.694  INFO 15916 --- [http-nio-80-exec-1] o.s.web.servlet.DispatcherServlet        : Initializing Servlet 'dispatcherServlet'
2019-12-04 09:18:22.712  INFO 15916 --- [http-nio-80-exec-1] o.s.web.servlet.DispatcherServlet        : Completed initialization in 18 ms
2019-12-04 09:29:03.145  INFO 15916 --- [RMI TCP Connection(2)-127.0.0.1] inMXBeanRegistrar$SpringApplicationAdmin : Application shutdown requested.
2019-12-04 09:29:03.151  INFO 15916 --- [RMI TCP Connection(2)-127.0.0.1] o.s.s.concurrent.ThreadPoolTaskExecutor  : Shutting down ExecutorService 'applicationTaskExecutor'
2019-12-04 09:29:16.941  INFO 14320 --- [restartedMain] com.sdh.my.blog.MyBlogApplication        : Starting MyBlogApplication on DESKTOP-UH2UEET with PID 14320 (F:\bukalaka\PrivateWorkspace\workspace\MyBlog\target\classes started by Sakura in F:\bukalaka\PrivateWorkspace\workspace\MyBlog)
2019-12-04 09:29:16.946 DEBUG 14320 --- [restartedMain] com.sdh.my.blog.MyBlogApplication        : Running with Spring Boot v2.2.1.RELEASE, Spring v5.2.1.RELEASE
2019-12-04 09:29:16.947  INFO 14320 --- [restartedMain] com.sdh.my.blog.MyBlogApplication        : The following profiles are active: dev
2019-12-04 09:29:17.020  INFO 14320 --- [restartedMain] .e.DevToolsPropertyDefaultsPostProcessor : Devtools property defaults active! Set 'spring.devtools.add-properties' to 'false' to disable
2019-12-04 09:29:17.021  INFO 14320 --- [restartedMain] .e.DevToolsPropertyDefaultsPostProcessor : For additional web related logging consider setting the 'logging.level.web' property to 'DEBUG'
2019-12-04 09:29:18.120  WARN 14320 --- [restartedMain] o.m.s.mapper.ClassPathMapperScanner      : No MyBatis mapper was found in '[com.sdh.my.blog]' package. Please check your configuration.
2019-12-04 09:29:19.040  INFO 14320 --- [restartedMain] o.s.b.w.embedded.tomcat.TomcatWebServer  : Tomcat initialized with port(s): 80 (http)
2019-12-04 09:29:19.052  INFO 14320 --- [restartedMain] o.apache.catalina.core.StandardService   : Starting service [Tomcat]
2019-12-04 09:29:19.053  INFO 14320 --- [restartedMain] org.apache.catalina.core.StandardEngine  : Starting Servlet engine: [Apache Tomcat/9.0.27]
2019-12-04 09:29:19.197  INFO 14320 --- [restartedMain] o.a.c.c.C.[Tomcat].[localhost].[/]       : Initializing Spring embedded WebApplicationContext
2019-12-04 09:29:19.197  INFO 14320 --- [restartedMain] o.s.web.context.ContextLoader            : Root WebApplicationContext: initialization completed in 2176 ms
2019-12-04 09:29:19.727  INFO 14320 --- [restartedMain] o.s.s.concurrent.ThreadPoolTaskExecutor  : Initializing ExecutorService 'applicationTaskExecutor'
2019-12-04 09:29:19.853  INFO 14320 --- [restartedMain] o.s.b.a.w.s.WelcomePageHandlerMapping    : Adding welcome page template: index
2019-12-04 09:29:21.140  INFO 14320 --- [restartedMain] o.s.b.d.a.OptionalLiveReloadServer       : LiveReload server is running on port 35729
2019-12-04 09:29:21.341  INFO 14320 --- [restartedMain] o.s.b.w.embedded.tomcat.TomcatWebServer  : Tomcat started on port(s): 80 (http) with context path ''
2019-12-04 09:29:21.346  INFO 14320 --- [restartedMain] com.sdh.my.blog.MyBlogApplication        : Started MyBlogApplication in 5.052 seconds (JVM running for 8.696)
2019-12-04 09:29:26.648  INFO 14320 --- [http-nio-80-exec-1] o.a.c.c.C.[Tomcat].[localhost].[/]       : Initializing Spring DispatcherServlet 'dispatcherServlet'
2019-12-04 09:29:26.649  INFO 14320 --- [http-nio-80-exec-1] o.s.web.servlet.DispatcherServlet        : Initializing Servlet 'dispatcherServlet'
2019-12-04 09:29:26.665  INFO 14320 --- [http-nio-80-exec-1] o.s.web.servlet.DispatcherServlet        : Completed initialization in 16 ms
2019-12-04 09:29:27.237  INFO 14320 --- [http-nio-80-exec-2] com.sdh.my.blog.aspect.LogAspect         : RequestLog :RequestLog [url=http://localhost/dist/semantic.css, ip=0:0:0:0:0:0:0:1, classMethod=com.sdh.my.blog.web.IndexController.resp, args=[dist, semantic.css]]
2019-12-04 09:29:27.237  INFO 14320 --- [http-nio-80-exec-5] com.sdh.my.blog.aspect.LogAspect         : RequestLog :RequestLog [url=http://localhost/css/me.css, ip=0:0:0:0:0:0:0:1, classMethod=com.sdh.my.blog.web.IndexController.resp, args=[css, me.css]]
2019-12-04 09:29:27.237  INFO 14320 --- [http-nio-80-exec-10] com.sdh.my.blog.aspect.LogAspect         : RequestLog :RequestLog [url=http://localhost/dist/semantic.js, ip=0:0:0:0:0:0:0:1, classMethod=com.sdh.my.blog.web.IndexController.resp, args=[dist, semantic.js]]
2019-12-04 09:29:27.236  INFO 14320 --- [http-nio-80-exec-8] com.sdh.my.blog.aspect.LogAspect         : RequestLog :RequestLog [url=http://localhost/js/jquery-3.4.1.min.js, ip=0:0:0:0:0:0:0:1, classMethod=com.sdh.my.blog.web.IndexController.resp, args=[js, jquery-3.4.1.min.js]]
2019-12-04 09:29:27.253  INFO 14320 --- [http-nio-80-exec-4] com.sdh.my.blog.aspect.LogAspect         : RequestLog :RequestLog [url=http://localhost/img/icon_1.jpg, ip=0:0:0:0:0:0:0:1, classMethod=com.sdh.my.blog.web.IndexController.resp, args=[img, icon_1.jpg]]
2019-12-04 09:29:27.254  INFO 14320 --- [http-nio-80-exec-2] com.sdh.my.blog.aspect.LogAspect         : Result : {} index
2019-12-04 09:29:27.255  INFO 14320 --- [http-nio-80-exec-10] com.sdh.my.blog.aspect.LogAspect         : Result : {} index
2019-12-04 09:29:27.255  INFO 14320 --- [http-nio-80-exec-4] com.sdh.my.blog.aspect.LogAspect         : Result : {} index
2019-12-04 09:29:27.254  INFO 14320 --- [http-nio-80-exec-5] com.sdh.my.blog.aspect.LogAspect         : Result : {} index
2019-12-04 09:29:27.256  INFO 14320 --- [http-nio-80-exec-8] com.sdh.my.blog.aspect.LogAspect         : Result : {} index
2019-12-04 09:29:27.258  INFO 14320 --- [http-nio-80-exec-7] com.sdh.my.blog.aspect.LogAspect         : RequestLog :RequestLog [url=http://localhost/img/wechat.jpg, ip=0:0:0:0:0:0:0:1, classMethod=com.sdh.my.blog.web.IndexController.resp, args=[img, wechat.jpg]]
2019-12-04 09:29:27.260  INFO 14320 --- [http-nio-80-exec-7] com.sdh.my.blog.aspect.LogAspect         : Result : {} index
2019-12-04 09:29:27.395  INFO 14320 --- [http-nio-80-exec-1] com.sdh.my.blog.aspect.LogAspect         : RequestLog :RequestLog [url=http://localhost/img/wechat.jpg, ip=0:0:0:0:0:0:0:1, classMethod=com.sdh.my.blog.web.IndexController.resp, args=[img, wechat.jpg]]
2019-12-04 09:29:27.396  INFO 14320 --- [http-nio-80-exec-1] com.sdh.my.blog.aspect.LogAspect         : Result : {} index
2019-12-04 09:31:30.748  INFO 14320 --- [RMI TCP Connection(2)-127.0.0.1] inMXBeanRegistrar$SpringApplicationAdmin : Application shutdown requested.
2019-12-04 09:31:30.754  INFO 14320 --- [RMI TCP Connection(2)-127.0.0.1] o.s.s.concurrent.ThreadPoolTaskExecutor  : Shutting down ExecutorService 'applicationTaskExecutor'
2019-12-04 09:31:42.369  INFO 8784 --- [restartedMain] com.sdh.my.blog.MyBlogApplication        : Starting MyBlogApplication on DESKTOP-UH2UEET with PID 8784 (F:\bukalaka\PrivateWorkspace\workspace\MyBlog\target\classes started by Sakura in F:\bukalaka\PrivateWorkspace\workspace\MyBlog)
2019-12-04 09:31:42.373 DEBUG 8784 --- [restartedMain] com.sdh.my.blog.MyBlogApplication        : Running with Spring Boot v2.2.1.RELEASE, Spring v5.2.1.RELEASE
2019-12-04 09:31:42.373  INFO 8784 --- [restartedMain] com.sdh.my.blog.MyBlogApplication        : The following profiles are active: dev
2019-12-04 09:31:42.438  INFO 8784 --- [restartedMain] .e.DevToolsPropertyDefaultsPostProcessor : Devtools property defaults active! Set 'spring.devtools.add-properties' to 'false' to disable
2019-12-04 09:31:42.438  INFO 8784 --- [restartedMain] .e.DevToolsPropertyDefaultsPostProcessor : For additional web related logging consider setting the 'logging.level.web' property to 'DEBUG'
2019-12-04 09:31:43.542  WARN 8784 --- [restartedMain] o.m.s.mapper.ClassPathMapperScanner      : No MyBatis mapper was found in '[com.sdh.my.blog]' package. Please check your configuration.
2019-12-04 09:31:44.612  INFO 8784 --- [restartedMain] o.s.b.w.embedded.tomcat.TomcatWebServer  : Tomcat initialized with port(s): 80 (http)
2019-12-04 09:31:44.633  INFO 8784 --- [restartedMain] o.apache.catalina.core.StandardService   : Starting service [Tomcat]
2019-12-04 09:31:44.634  INFO 8784 --- [restartedMain] org.apache.catalina.core.StandardEngine  : Starting Servlet engine: [Apache Tomcat/9.0.27]
2019-12-04 09:31:44.778  INFO 8784 --- [restartedMain] o.a.c.c.C.[Tomcat].[localhost].[/]       : Initializing Spring embedded WebApplicationContext
2019-12-04 09:31:44.779  INFO 8784 --- [restartedMain] o.s.web.context.ContextLoader            : Root WebApplicationContext: initialization completed in 2340 ms
2019-12-04 09:31:45.294  INFO 8784 --- [restartedMain] o.s.s.concurrent.ThreadPoolTaskExecutor  : Initializing ExecutorService 'applicationTaskExecutor'
2019-12-04 09:31:45.478  INFO 8784 --- [restartedMain] o.s.b.a.w.s.WelcomePageHandlerMapping    : Adding welcome page template: index
2019-12-04 09:31:46.399  INFO 8784 --- [restartedMain] o.s.b.d.a.OptionalLiveReloadServer       : LiveReload server is running on port 35729
2019-12-04 09:31:46.589  INFO 8784 --- [restartedMain] o.s.b.w.embedded.tomcat.TomcatWebServer  : Tomcat started on port(s): 80 (http) with context path ''
2019-12-04 09:31:46.593  INFO 8784 --- [restartedMain] com.sdh.my.blog.MyBlogApplication        : Started MyBlogApplication in 4.839 seconds (JVM running for 10.227)
2019-12-04 09:31:49.003  INFO 8784 --- [http-nio-80-exec-1] o.a.c.c.C.[Tomcat].[localhost].[/]       : Initializing Spring DispatcherServlet 'dispatcherServlet'
2019-12-04 09:31:49.003  INFO 8784 --- [http-nio-80-exec-1] o.s.web.servlet.DispatcherServlet        : Initializing Servlet 'dispatcherServlet'
2019-12-04 09:31:49.023  INFO 8784 --- [http-nio-80-exec-1] o.s.web.servlet.DispatcherServlet        : Completed initialization in 19 ms
2019-12-04 09:31:49.498  INFO 8784 --- [http-nio-80-exec-10] com.sdh.my.blog.aspect.LogAspect         : RequestLog :RequestLog [url=http://localhost/dist/semantic.css, ip=0:0:0:0:0:0:0:1, classMethod=com.sdh.my.blog.web.IndexController.resp, args=[dist, semantic.css]]
2019-12-04 09:31:49.498  INFO 8784 --- [http-nio-80-exec-4] com.sdh.my.blog.aspect.LogAspect         : RequestLog :RequestLog [url=http://localhost/js/jquery-3.4.1.min.js, ip=0:0:0:0:0:0:0:1, classMethod=com.sdh.my.blog.web.IndexController.resp, args=[js, jquery-3.4.1.min.js]]
2019-12-04 09:31:49.499  INFO 8784 --- [http-nio-80-exec-1] com.sdh.my.blog.aspect.LogAspect         : RequestLog :RequestLog [url=http://localhost/css/me.css, ip=0:0:0:0:0:0:0:1, classMethod=com.sdh.my.blog.web.IndexController.resp, args=[css, me.css]]
2019-12-04 09:31:49.498  INFO 8784 --- [http-nio-80-exec-5] com.sdh.my.blog.aspect.LogAspect         : RequestLog :RequestLog [url=http://localhost/img/icon_1.jpg, ip=0:0:0:0:0:0:0:1, classMethod=com.sdh.my.blog.web.IndexController.resp, args=[img, icon_1.jpg]]
2019-12-04 09:31:49.506  INFO 8784 --- [http-nio-80-exec-2] com.sdh.my.blog.aspect.LogAspect         : RequestLog :RequestLog [url=http://localhost/dist/semantic.js, ip=0:0:0:0:0:0:0:1, classMethod=com.sdh.my.blog.web.IndexController.resp, args=[dist, semantic.js]]
2019-12-04 09:31:49.512  INFO 8784 --- [http-nio-80-exec-3] com.sdh.my.blog.aspect.LogAspect         : RequestLog :RequestLog [url=http://localhost/img/wechat.jpg, ip=0:0:0:0:0:0:0:1, classMethod=com.sdh.my.blog.web.IndexController.resp, args=[img, wechat.jpg]]
2019-12-04 09:31:49.529  INFO 8784 --- [http-nio-80-exec-4] com.sdh.my.blog.aspect.LogAspect         : Result : {} index
2019-12-04 09:31:49.529  INFO 8784 --- [http-nio-80-exec-2] com.sdh.my.blog.aspect.LogAspect         : Result : {} index
2019-12-04 09:31:49.529  INFO 8784 --- [http-nio-80-exec-10] com.sdh.my.blog.aspect.LogAspect         : Result : {} index
2019-12-04 09:31:49.529  INFO 8784 --- [http-nio-80-exec-3] com.sdh.my.blog.aspect.LogAspect         : Result : {} index
2019-12-04 09:31:49.530  INFO 8784 --- [http-nio-80-exec-5] com.sdh.my.blog.aspect.LogAspect         : Result : {} index
2019-12-04 09:31:49.530  INFO 8784 --- [http-nio-80-exec-1] com.sdh.my.blog.aspect.LogAspect         : Result : {} index
2019-12-04 09:31:49.657  INFO 8784 --- [http-nio-80-exec-9] com.sdh.my.blog.aspect.LogAspect         : RequestLog :RequestLog [url=http://localhost/img/wechat.jpg, ip=0:0:0:0:0:0:0:1, classMethod=com.sdh.my.blog.web.IndexController.resp, args=[img, wechat.jpg]]
2019-12-04 09:31:49.658  INFO 8784 --- [http-nio-80-exec-9] com.sdh.my.blog.aspect.LogAspect         : Result : {} index
2019-12-04 09:39:16.655  INFO 8784 --- [RMI TCP Connection(2)-127.0.0.1] inMXBeanRegistrar$SpringApplicationAdmin : Application shutdown requested.
2019-12-04 09:39:16.661  INFO 8784 --- [RMI TCP Connection(2)-127.0.0.1] o.s.s.concurrent.ThreadPoolTaskExecutor  : Shutting down ExecutorService 'applicationTaskExecutor'
2019-12-04 09:40:00.706  INFO 2096 --- [restartedMain] com.sdh.my.blog.MyBlogApplication        : Starting MyBlogApplication on DESKTOP-UH2UEET with PID 2096 (F:\bukalaka\PrivateWorkspace\workspace\MyBlog\target\classes started by Sakura in F:\bukalaka\PrivateWorkspace\workspace\MyBlog)
2019-12-04 09:40:00.709 DEBUG 2096 --- [restartedMain] com.sdh.my.blog.MyBlogApplication        : Running with Spring Boot v2.2.1.RELEASE, Spring v5.2.1.RELEASE
2019-12-04 09:40:00.710  INFO 2096 --- [restartedMain] com.sdh.my.blog.MyBlogApplication        : The following profiles are active: dev
2019-12-04 09:40:00.808  INFO 2096 --- [restartedMain] .e.DevToolsPropertyDefaultsPostProcessor : Devtools property defaults active! Set 'spring.devtools.add-properties' to 'false' to disable
2019-12-04 09:40:00.808  INFO 2096 --- [restartedMain] .e.DevToolsPropertyDefaultsPostProcessor : For additional web related logging consider setting the 'logging.level.web' property to 'DEBUG'
2019-12-04 09:40:02.128  WARN 2096 --- [restartedMain] o.m.s.mapper.ClassPathMapperScanner      : No MyBatis mapper was found in '[com.sdh.my.blog]' package. Please check your configuration.
2019-12-04 09:40:02.931  INFO 2096 --- [restartedMain] o.s.b.w.embedded.tomcat.TomcatWebServer  : Tomcat initialized with port(s): 80 (http)
2019-12-04 09:40:02.941  INFO 2096 --- [restartedMain] o.apache.catalina.core.StandardService   : Starting service [Tomcat]
2019-12-04 09:40:02.942  INFO 2096 --- [restartedMain] org.apache.catalina.core.StandardEngine  : Starting Servlet engine: [Apache Tomcat/9.0.27]
2019-12-04 09:40:03.134  INFO 2096 --- [restartedMain] o.a.c.c.C.[Tomcat].[localhost].[/]       : Initializing Spring embedded WebApplicationContext
2019-12-04 09:40:03.135  INFO 2096 --- [restartedMain] o.s.web.context.ContextLoader            : Root WebApplicationContext: initialization completed in 2326 ms
2019-12-04 09:40:03.553  INFO 2096 --- [restartedMain] o.s.s.concurrent.ThreadPoolTaskExecutor  : Initializing ExecutorService 'applicationTaskExecutor'
2019-12-04 09:40:03.674  INFO 2096 --- [restartedMain] o.s.b.a.w.s.WelcomePageHandlerMapping    : Adding welcome page template: index
2019-12-04 09:40:04.435  INFO 2096 --- [restartedMain] o.s.b.d.a.OptionalLiveReloadServer       : LiveReload server is running on port 35729
2019-12-04 09:40:04.603  INFO 2096 --- [restartedMain] o.s.b.w.embedded.tomcat.TomcatWebServer  : Tomcat started on port(s): 80 (http) with context path ''
2019-12-04 09:40:04.608  INFO 2096 --- [restartedMain] com.sdh.my.blog.MyBlogApplication        : Started MyBlogApplication in 4.438 seconds (JVM running for 7.772)
2019-12-04 09:40:29.928  INFO 2096 --- [Thread-6] o.s.s.concurrent.ThreadPoolTaskExecutor  : Shutting down ExecutorService 'applicationTaskExecutor'
2019-12-04 09:40:32.673  INFO 2096 --- [restartedMain] com.sdh.my.blog.MyBlogApplication        : Starting MyBlogApplication on DESKTOP-UH2UEET with PID 2096 (F:\bukalaka\PrivateWorkspace\workspace\MyBlog\target\classes started by Sakura in F:\bukalaka\PrivateWorkspace\workspace\MyBlog)
2019-12-04 09:40:32.673 DEBUG 2096 --- [restartedMain] com.sdh.my.blog.MyBlogApplication        : Running with Spring Boot v2.2.1.RELEASE, Spring v5.2.1.RELEASE
2019-12-04 09:40:32.673  INFO 2096 --- [restartedMain] com.sdh.my.blog.MyBlogApplication        : The following profiles are active: dev
2019-12-04 09:40:33.201  WARN 2096 --- [restartedMain] o.m.s.mapper.ClassPathMapperScanner      : No MyBatis mapper was found in '[com.sdh.my.blog]' package. Please check your configuration.
2019-12-04 09:40:33.359  WARN 2096 --- [restartedMain] org.apache.tomcat.util.modeler.Registry  : The MBean registry cannot be disabled because it has already been initialised
2019-12-04 09:40:33.412  INFO 2096 --- [restartedMain] o.s.b.w.embedded.tomcat.TomcatWebServer  : Tomcat initialized with port(s): 80 (http)
2019-12-04 09:40:33.413  INFO 2096 --- [restartedMain] o.apache.catalina.core.StandardService   : Starting service [Tomcat]
2019-12-04 09:40:33.414  INFO 2096 --- [restartedMain] org.apache.catalina.core.StandardEngine  : Starting Servlet engine: [Apache Tomcat/9.0.27]
2019-12-04 09:40:33.435  INFO 2096 --- [restartedMain] o.a.c.c.C.[Tomcat].[localhost].[/]       : Initializing Spring embedded WebApplicationContext
2019-12-04 09:40:33.435  INFO 2096 --- [restartedMain] o.s.web.context.ContextLoader            : Root WebApplicationContext: initialization completed in 757 ms
2019-12-04 09:40:33.690  INFO 2096 --- [restartedMain] o.s.s.concurrent.ThreadPoolTaskExecutor  : Initializing ExecutorService 'applicationTaskExecutor'
2019-12-04 09:40:33.744  INFO 2096 --- [restartedMain] o.s.b.a.w.s.WelcomePageHandlerMapping    : Adding welcome page template: index
2019-12-04 09:40:34.376  INFO 2096 --- [restartedMain] o.s.b.d.a.OptionalLiveReloadServer       : LiveReload server is running on port 35729
2019-12-04 09:40:34.399  INFO 2096 --- [restartedMain] o.s.b.w.embedded.tomcat.TomcatWebServer  : Tomcat started on port(s): 80 (http) with context path ''
2019-12-04 09:40:34.400  INFO 2096 --- [restartedMain] com.sdh.my.blog.MyBlogApplication        : Started MyBlogApplication in 1.777 seconds (JVM running for 37.563)
2019-12-04 09:40:34.402  INFO 2096 --- [restartedMain] .ConditionEvaluationDeltaLoggingListener : Condition evaluation unchanged
2019-12-04 09:40:41.526  INFO 2096 --- [http-nio-80-exec-1] o.a.c.c.C.[Tomcat].[localhost].[/]       : Initializing Spring DispatcherServlet 'dispatcherServlet'
2019-12-04 09:40:41.527  INFO 2096 --- [http-nio-80-exec-1] o.s.web.servlet.DispatcherServlet        : Initializing Servlet 'dispatcherServlet'
2019-12-04 09:40:41.552  INFO 2096 --- [http-nio-80-exec-1] o.s.web.servlet.DispatcherServlet        : Completed initialization in 25 ms
2019-12-04 09:40:41.816 ERROR 2096 --- [http-nio-80-exec-1] c.s.m.b.h.ControllerExceptionHandler     : Request URL : http://localhost/,Exception : {}

org.springframework.web.bind.MissingPathVariableException: Missing URI template variable 'username' for method parameter of type String
	at org.springframework.web.servlet.mvc.method.annotation.PathVariableMethodArgumentResolver.handleMissingValue(PathVariableMethodArgumentResolver.java:101) ~[spring-webmvc-5.2.1.RELEASE.jar:5.2.1.RELEASE]
	at org.springframework.web.method.annotation.AbstractNamedValueMethodArgumentResolver.handleMissingValue(AbstractNamedValueMethodArgumentResolver.java:222) ~[spring-web-5.2.1.RELEASE.jar:5.2.1.RELEASE]
	at org.springframework.web.method.annotation.AbstractNamedValueMethodArgumentResolver.resolveArgument(AbstractNamedValueMethodArgumentResolver.java:114) ~[spring-web-5.2.1.RELEASE.jar:5.2.1.RELEASE]
	at org.springframework.web.method.support.HandlerMethodArgumentResolverComposite.resolveArgument(HandlerMethodArgumentResolverComposite.java:121) ~[spring-web-5.2.1.RELEASE.jar:5.2.1.RELEASE]
	at org.springframework.web.method.support.InvocableHandlerMethod.getMethodArgumentValues(InvocableHandlerMethod.java:167) ~[spring-web-5.2.1.RELEASE.jar:5.2.1.RELEASE]
	at org.springframework.web.method.support.InvocableHandlerMethod.invokeForRequest(InvocableHandlerMethod.java:134) ~[spring-web-5.2.1.RELEASE.jar:5.2.1.RELEASE]
	at org.springframework.web.servlet.mvc.method.annotation.ServletInvocableHandlerMethod.invokeAndHandle(ServletInvocableHandlerMethod.java:106) ~[spring-webmvc-5.2.1.RELEASE.jar:5.2.1.RELEASE]
	at org.springframework.web.servlet.mvc.method.annotation.RequestMappingHandlerAdapter.invokeHandlerMethod(RequestMappingHandlerAdapter.java:888) ~[spring-webmvc-5.2.1.RELEASE.jar:5.2.1.RELEASE]
	at org.springframework.web.servlet.mvc.method.annotation.RequestMappingHandlerAdapter.handleInternal(RequestMappingHandlerAdapter.java:793) ~[spring-webmvc-5.2.1.RELEASE.jar:5.2.1.RELEASE]
	at org.springframework.web.servlet.mvc.method.AbstractHandlerMethodAdapter.handle(AbstractHandlerMethodAdapter.java:87) ~[spring-webmvc-5.2.1.RELEASE.jar:5.2.1.RELEASE]
	at org.springframework.web.servlet.DispatcherServlet.doDispatch(DispatcherServlet.java:1040) ~[spring-webmvc-5.2.1.RELEASE.jar:5.2.1.RELEASE]
	at org.springframework.web.servlet.DispatcherServlet.doService(DispatcherServlet.java:943) ~[spring-webmvc-5.2.1.RELEASE.jar:5.2.1.RELEASE]
	at org.springframework.web.servlet.FrameworkServlet.processRequest(FrameworkServlet.java:1006) [spring-webmvc-5.2.1.RELEASE.jar:5.2.1.RELEASE]
	at org.springframework.web.servlet.FrameworkServlet.doGet(FrameworkServlet.java:898) [spring-webmvc-5.2.1.RELEASE.jar:5.2.1.RELEASE]
	at javax.servlet.http.HttpServlet.service(HttpServlet.java:634) [tomcat-embed-core-9.0.27.jar:9.0.27]
	at org.springframework.web.servlet.FrameworkServlet.service(FrameworkServlet.java:883) [spring-webmvc-5.2.1.RELEASE.jar:5.2.1.RELEASE]
	at javax.servlet.http.HttpServlet.service(HttpServlet.java:741) [tomcat-embed-core-9.0.27.jar:9.0.27]
	at org.apache.catalina.core.ApplicationFilterChain.internalDoFilter(ApplicationFilterChain.java:231) [tomcat-embed-core-9.0.27.jar:9.0.27]
	at org.apache.catalina.core.ApplicationFilterChain.doFilter(ApplicationFilterChain.java:166) [tomcat-embed-core-9.0.27.jar:9.0.27]
	at org.apache.tomcat.websocket.server.WsFilter.doFilter(WsFilter.java:53) [tomcat-embed-websocket-9.0.27.jar:9.0.27]
	at org.apache.catalina.core.ApplicationFilterChain.internalDoFilter(ApplicationFilterChain.java:193) [tomcat-embed-core-9.0.27.jar:9.0.27]
	at org.apache.catalina.core.ApplicationFilterChain.doFilter(ApplicationFilterChain.java:166) [tomcat-embed-core-9.0.27.jar:9.0.27]
	at org.springframework.web.filter.RequestContextFilter.doFilterInternal(RequestContextFilter.java:100) [spring-web-5.2.1.RELEASE.jar:5.2.1.RELEASE]
	at org.springframework.web.filter.OncePerRequestFilter.doFilter(OncePerRequestFilter.java:119) [spring-web-5.2.1.RELEASE.jar:5.2.1.RELEASE]
	at org.apache.catalina.core.ApplicationFilterChain.internalDoFilter(ApplicationFilterChain.java:193) [tomcat-embed-core-9.0.27.jar:9.0.27]
	at org.apache.catalina.core.ApplicationFilterChain.doFilter(ApplicationFilterChain.java:166) [tomcat-embed-core-9.0.27.jar:9.0.27]
	at org.springframework.web.filter.FormContentFilter.doFilterInternal(FormContentFilter.java:93) [spring-web-5.2.1.RELEASE.jar:5.2.1.RELEASE]
	at org.springframework.web.filter.OncePerRequestFilter.doFilter(OncePerRequestFilter.java:119) [spring-web-5.2.1.RELEASE.jar:5.2.1.RELEASE]
	at org.apache.catalina.core.ApplicationFilterChain.internalDoFilter(ApplicationFilterChain.java:193) [tomcat-embed-core-9.0.27.jar:9.0.27]
	at org.apache.catalina.core.ApplicationFilterChain.doFilter(ApplicationFilterChain.java:166) [tomcat-embed-core-9.0.27.jar:9.0.27]
	at org.springframework.web.filter.CharacterEncodingFilter.doFilterInternal(CharacterEncodingFilter.java:201) [spring-web-5.2.1.RELEASE.jar:5.2.1.RELEASE]
	at org.springframework.web.filter.OncePerRequestFilter.doFilter(OncePerRequestFilter.java:119) [spring-web-5.2.1.RELEASE.jar:5.2.1.RELEASE]
	at org.apache.catalina.core.ApplicationFilterChain.internalDoFilter(ApplicationFilterChain.java:193) [tomcat-embed-core-9.0.27.jar:9.0.27]
	at org.apache.catalina.core.ApplicationFilterChain.doFilter(ApplicationFilterChain.java:166) [tomcat-embed-core-9.0.27.jar:9.0.27]
	at org.apache.catalina.core.StandardWrapperValve.invoke(StandardWrapperValve.java:202) [tomcat-embed-core-9.0.27.jar:9.0.27]
	at org.apache.catalina.core.StandardContextValve.invoke(StandardContextValve.java:96) [tomcat-embed-core-9.0.27.jar:9.0.27]
	at org.apache.catalina.authenticator.AuthenticatorBase.invoke(AuthenticatorBase.java:526) [tomcat-embed-core-9.0.27.jar:9.0.27]
	at org.apache.catalina.core.StandardHostValve.invoke(StandardHostValve.java:139) [tomcat-embed-core-9.0.27.jar:9.0.27]
	at org.apache.catalina.valves.ErrorReportValve.invoke(ErrorReportValve.java:92) [tomcat-embed-core-9.0.27.jar:9.0.27]
	at org.apache.catalina.core.StandardEngineValve.invoke(StandardEngineValve.java:74) [tomcat-embed-core-9.0.27.jar:9.0.27]
	at org.apache.catalina.connector.CoyoteAdapter.service(CoyoteAdapter.java:343) [tomcat-embed-core-9.0.27.jar:9.0.27]
	at org.apache.coyote.http11.Http11Processor.service(Http11Processor.java:408) [tomcat-embed-core-9.0.27.jar:9.0.27]
	at org.apache.coyote.AbstractProcessorLight.process(AbstractProcessorLight.java:66) [tomcat-embed-core-9.0.27.jar:9.0.27]
	at org.apache.coyote.AbstractProtocol$ConnectionHandler.process(AbstractProtocol.java:861) [tomcat-embed-core-9.0.27.jar:9.0.27]
	at org.apache.tomcat.util.net.NioEndpoint$SocketProcessor.doRun(NioEndpoint.java:1579) [tomcat-embed-core-9.0.27.jar:9.0.27]
	at org.apache.tomcat.util.net.SocketProcessorBase.run(SocketProcessorBase.java:49) [tomcat-embed-core-9.0.27.jar:9.0.27]
	at java.util.concurrent.ThreadPoolExecutor.runWorker(ThreadPoolExecutor.java:1142) [na:1.8.0_131]
	at java.util.concurrent.ThreadPoolExecutor$Worker.run(ThreadPoolExecutor.java:617) [na:1.8.0_131]
	at org.apache.tomcat.util.threads.TaskThread$WrappingRunnable.run(TaskThread.java:61) [tomcat-embed-core-9.0.27.jar:9.0.27]
	at java.lang.Thread.run(Thread.java:748) [na:1.8.0_131]

2019-12-04 09:40:41.822  WARN 2096 --- [http-nio-80-exec-1] .m.m.a.ExceptionHandlerExceptionResolver : Resolved [org.springframework.web.bind.MissingPathVariableException: Missing URI template variable 'username' for method parameter of type String]
2019-12-04 09:41:03.461  INFO 2096 --- [Thread-9] o.s.s.concurrent.ThreadPoolTaskExecutor  : Shutting down ExecutorService 'applicationTaskExecutor'
2019-12-04 09:41:06.129  INFO 2096 --- [restartedMain] com.sdh.my.blog.MyBlogApplication        : Starting MyBlogApplication on DESKTOP-UH2UEET with PID 2096 (F:\bukalaka\PrivateWorkspace\workspace\MyBlog\target\classes started by Sakura in F:\bukalaka\PrivateWorkspace\workspace\MyBlog)
2019-12-04 09:41:06.129 DEBUG 2096 --- [restartedMain] com.sdh.my.blog.MyBlogApplication        : Running with Spring Boot v2.2.1.RELEASE, Spring v5.2.1.RELEASE
2019-12-04 09:41:06.130  INFO 2096 --- [restartedMain] com.sdh.my.blog.MyBlogApplication        : The following profiles are active: dev
2019-12-04 09:41:06.361  WARN 2096 --- [restartedMain] o.m.s.mapper.ClassPathMapperScanner      : No MyBatis mapper was found in '[com.sdh.my.blog]' package. Please check your configuration.
2019-12-04 09:41:06.466  WARN 2096 --- [restartedMain] org.apache.tomcat.util.modeler.Registry  : The MBean registry cannot be disabled because it has already been initialised
2019-12-04 09:41:06.533  INFO 2096 --- [restartedMain] o.s.b.w.embedded.tomcat.TomcatWebServer  : Tomcat initialized with port(s): 80 (http)
2019-12-04 09:41:06.565  INFO 2096 --- [restartedMain] o.apache.catalina.core.StandardService   : Starting service [Tomcat]
2019-12-04 09:41:06.639  INFO 2096 --- [restartedMain] org.apache.catalina.core.StandardEngine  : Starting Servlet engine: [Apache Tomcat/9.0.27]
2019-12-04 09:41:06.721  INFO 2096 --- [restartedMain] o.a.c.c.C.[Tomcat].[localhost].[/]       : Initializing Spring embedded WebApplicationContext
2019-12-04 09:41:06.772  INFO 2096 --- [restartedMain] o.s.web.context.ContextLoader            : Root WebApplicationContext: initialization completed in 640 ms
2019-12-04 09:41:07.021  INFO 2096 --- [restartedMain] o.s.s.concurrent.ThreadPoolTaskExecutor  : Initializing ExecutorService 'applicationTaskExecutor'
2019-12-04 09:41:07.069  INFO 2096 --- [restartedMain] o.s.b.a.w.s.WelcomePageHandlerMapping    : Adding welcome page template: index
2019-12-04 09:41:07.554  INFO 2096 --- [restartedMain] o.s.b.d.a.OptionalLiveReloadServer       : LiveReload server is running on port 35729
2019-12-04 09:41:07.586  INFO 2096 --- [restartedMain] o.s.b.w.embedded.tomcat.TomcatWebServer  : Tomcat started on port(s): 80 (http) with context path ''
2019-12-04 09:41:07.587  INFO 2096 --- [restartedMain] com.sdh.my.blog.MyBlogApplication        : Started MyBlogApplication in 1.503 seconds (JVM running for 70.75)
2019-12-04 09:41:07.589  INFO 2096 --- [restartedMain] .ConditionEvaluationDeltaLoggingListener : Condition evaluation unchanged
2019-12-04 09:41:59.266  INFO 2096 --- [Thread-14] o.s.s.concurrent.ThreadPoolTaskExecutor  : Shutting down ExecutorService 'applicationTaskExecutor'
2019-12-04 09:42:01.929  INFO 2096 --- [restartedMain] com.sdh.my.blog.MyBlogApplication        : Starting MyBlogApplication on DESKTOP-UH2UEET with PID 2096 (F:\bukalaka\PrivateWorkspace\workspace\MyBlog\target\classes started by Sakura in F:\bukalaka\PrivateWorkspace\workspace\MyBlog)
2019-12-04 09:42:01.929 DEBUG 2096 --- [restartedMain] com.sdh.my.blog.MyBlogApplication        : Running with Spring Boot v2.2.1.RELEASE, Spring v5.2.1.RELEASE
2019-12-04 09:42:01.987  INFO 2096 --- [restartedMain] com.sdh.my.blog.MyBlogApplication        : The following profiles are active: dev
2019-12-04 09:42:02.318  WARN 2096 --- [restartedMain] o.m.s.mapper.ClassPathMapperScanner      : No MyBatis mapper was found in '[com.sdh.my.blog]' package. Please check your configuration.
2019-12-04 09:42:02.426  WARN 2096 --- [restartedMain] org.apache.tomcat.util.modeler.Registry  : The MBean registry cannot be disabled because it has already been initialised
2019-12-04 09:42:02.474  INFO 2096 --- [restartedMain] o.s.b.w.embedded.tomcat.TomcatWebServer  : Tomcat initialized with port(s): 80 (http)
2019-12-04 09:42:02.501  INFO 2096 --- [restartedMain] o.apache.catalina.core.StandardService   : Starting service [Tomcat]
2019-12-04 09:42:02.503  INFO 2096 --- [restartedMain] org.apache.catalina.core.StandardEngine  : Starting Servlet engine: [Apache Tomcat/9.0.27]
2019-12-04 09:42:02.522  INFO 2096 --- [restartedMain] o.a.c.c.C.[Tomcat].[localhost].[/]       : Initializing Spring embedded WebApplicationContext
2019-12-04 09:42:02.556  INFO 2096 --- [restartedMain] o.s.web.context.ContextLoader            : Root WebApplicationContext: initialization completed in 563 ms
2019-12-04 09:42:02.767  INFO 2096 --- [restartedMain] o.s.s.concurrent.ThreadPoolTaskExecutor  : Initializing ExecutorService 'applicationTaskExecutor'
2019-12-04 09:42:02.835  INFO 2096 --- [restartedMain] o.s.b.a.w.s.WelcomePageHandlerMapping    : Adding welcome page template: index
2019-12-04 09:42:03.324  INFO 2096 --- [restartedMain] o.s.b.d.a.OptionalLiveReloadServer       : LiveReload server is running on port 35729
2019-12-04 09:42:03.344  INFO 2096 --- [restartedMain] o.s.b.w.embedded.tomcat.TomcatWebServer  : Tomcat started on port(s): 80 (http) with context path ''
2019-12-04 09:42:03.367  INFO 2096 --- [restartedMain] com.sdh.my.blog.MyBlogApplication        : Started MyBlogApplication in 1.48 seconds (JVM running for 126.53)
2019-12-04 09:42:03.368  INFO 2096 --- [restartedMain] .ConditionEvaluationDeltaLoggingListener : Condition evaluation unchanged
2019-12-04 09:42:06.089  INFO 2096 --- [http-nio-80-exec-1] o.a.c.c.C.[Tomcat].[localhost].[/]       : Initializing Spring DispatcherServlet 'dispatcherServlet'
2019-12-04 09:42:06.091  INFO 2096 --- [http-nio-80-exec-1] o.s.web.servlet.DispatcherServlet        : Initializing Servlet 'dispatcherServlet'
2019-12-04 09:42:06.103  INFO 2096 --- [http-nio-80-exec-1] o.s.web.servlet.DispatcherServlet        : Completed initialization in 12 ms
2019-12-04 09:42:06.118  INFO 2096 --- [http-nio-80-exec-1] com.sdh.my.blog.aspect.LogAspect         : RequestLog :RequestLog [url=http://localhost/123/123, ip=0:0:0:0:0:0:0:1, classMethod=com.sdh.my.blog.web.IndexController.resp, args=[123, 123]]
2019-12-04 09:42:06.127  INFO 2096 --- [http-nio-80-exec-1] com.sdh.my.blog.aspect.LogAspect         : Result : {} index
2019-12-04 10:27:22.539  INFO 2096 --- [RMI TCP Connection(2)-127.0.0.1] inMXBeanRegistrar$SpringApplicationAdmin : Application shutdown requested.
2019-12-04 10:27:22.606  INFO 2096 --- [RMI TCP Connection(2)-127.0.0.1] o.s.s.concurrent.ThreadPoolTaskExecutor  : Shutting down ExecutorService 'applicationTaskExecutor'
